<?xml version="1.0" encoding="UTF-8" ?>
<testsuite tests="6" failures="0" name="test.java.DatabaseTest" time="0.317" errors="0" skipped="0">
  <properties>
    <property name="java.runtime.name" value="OpenJDK Runtime Environment"/>
    <property name="sun.boot.library.path" value="/usr/local/openjdk8/jre/lib/amd64"/>
    <property name="java.vm.version" value="25.60-b23"/>
    <property name="java.vm.vendor" value="Oracle Corporation"/>
    <property name="java.vendor.url" value="http://java.oracle.com/"/>
    <property name="path.separator" value=":"/>
    <property name="guice.disable.misplaced.annotation.check" value="true"/>
    <property name="java.vm.name" value="OpenJDK 64-Bit Server VM"/>
    <property name="file.encoding.pkg" value="sun.io"/>
    <property name="user.country" value="US"/>
    <property name="sun.java.launcher" value="SUN_STANDARD"/>
    <property name="sun.os.patch.level" value="unknown"/>
    <property name="java.vm.specification.name" value="Java Virtual Machine Specification"/>
    <property name="user.dir" value="/usr/home/sdai/git/journal/journal"/>
    <property name="java.runtime.version" value="1.8.0_60-b24"/>
    <property name="java.awt.graphicsenv" value="sun.awt.X11GraphicsEnvironment"/>
    <property name="java.endorsed.dirs" value="/usr/local/openjdk8/jre/lib/endorsed"/>
    <property name="os.arch" value="amd64"/>
    <property name="java.io.tmpdir" value="/tmp/"/>
    <property name="line.separator" value="
"/>
    <property name="java.vm.specification.vendor" value="Oracle Corporation"/>
    <property name="os.name" value="FreeBSD"/>
    <property name="classworlds.conf" value="/usr/home/sdai/workspace/.metadata/.plugins/org.eclipse.m2e.launching/launches/m2conf5019823653651462416.tmp"/>
    <property name="sun.jnu.encoding" value="US-ASCII"/>
    <property name="java.library.path" value="/usr/local/lib"/>
    <property name="java.specification.name" value="Java Platform API Specification"/>
    <property name="java.class.version" value="52.0"/>
    <property name="sun.management.compiler" value="HotSpot 64-Bit Tiered Compilers"/>
    <property name="os.version" value="10.2-RELEASE-p7"/>
    <property name="user.home" value="/home/sdai"/>
    <property name="user.timezone" value="America/New_York"/>
    <property name="java.awt.printerjob" value="sun.print.PSPrinterJob"/>
    <property name="file.encoding" value="US-ASCII"/>
    <property name="java.specification.version" value="1.8"/>
    <property name="user.name" value="sdai"/>
    <property name="java.class.path" value="/usr/local/lib/eclipse/../../../home/sdai/.eclipse/org.eclipse.platform_4.4.2_946975857_freebsd_gtk_x86_64/plugins/org.eclipse.m2e.maven.runtime_1.5.1.20150109-1819/jars/plexus-classworlds-2.5.1.jar"/>
    <property name="org.slf4j.simpleLogger.defaultLogLevel" value="info"/>
    <property name="java.vm.specification.version" value="1.8"/>
    <property name="sun.arch.data.model" value="64"/>
    <property name="java.home" value="/usr/local/openjdk8/jre"/>
    <property name="sun.java.command" value="org.codehaus.plexus.classworlds.launcher.Launcher -B test"/>
    <property name="java.specification.vendor" value="Oracle Corporation"/>
    <property name="user.language" value="en"/>
    <property name="awt.toolkit" value="sun.awt.X11.XToolkit"/>
    <property name="java.vm.info" value="mixed mode"/>
    <property name="java.version" value="1.8.0_60"/>
    <property name="java.ext.dirs" value="/usr/local/openjdk8/jre/lib/ext:/usr/java/packages/lib/ext"/>
    <property name="sun.boot.class.path" value="/usr/local/openjdk8/jre/lib/resources.jar:/usr/local/openjdk8/jre/lib/rt.jar:/usr/local/openjdk8/jre/lib/sunrsasign.jar:/usr/local/openjdk8/jre/lib/jsse.jar:/usr/local/openjdk8/jre/lib/jce.jar:/usr/local/openjdk8/jre/lib/charsets.jar:/usr/local/openjdk8/jre/lib/jfr.jar:/usr/local/openjdk8/jre/classes"/>
    <property name="java.vendor" value="Oracle Corporation"/>
    <property name="maven.home" value="/usr/home/sdai/git/journal/journal/EMBEDDED"/>
    <property name="file.separator" value="/"/>
    <property name="java.vendor.url.bug" value="http://bugreport.sun.com/bugreport/"/>
    <property name="sun.cpu.endian" value="little"/>
    <property name="sun.io.unicode.encoding" value="UnicodeLittle"/>
    <property name="sun.cpu.isalist" value=""/>
  </properties>
  <testcase classname="test.java.DatabaseTest" name="testAdd" time="0"/>
  <testcase classname="test.java.DatabaseTest" name="testGet" time="0"/>
  <testcase classname="test.java.DatabaseTest" name="testClear" time="0.313"/>
  <testcase classname="test.java.DatabaseTest" name="testEdit" time="0.001"/>
  <testcase classname="test.java.DatabaseTest" name="testDelete" time="0.002"/>
  <testcase classname="test.java.DatabaseTest" name="testGetAll" time="0.001"/>
</testsuite>